
[38;2;138;43;226m╔═════════════════════════════════════════════════════════════════╗[0m
[38;2;138;43;226m║[0m                                                                 [38;2;138;43;226m║[0m
[38;2;138;43;226m║[0m  [38;2;200;162;200m████████[0m[38;2;138;43;226m╗[0m[38;2;200;162;200m██[0m[38;2;138;43;226m╗[0m[38;2;200;162;200m███[0m[38;2;138;43;226m╗[0m   [38;2;200;162;200m███[0m[38;2;138;43;226m╗[0m[38;2;200;162;200m███████[0m[38;2;138;43;226m╗[0m[38;2;200;162;200m██[0m[38;2;138;43;226m╗[0m     [38;2;200;162;200m██[0m[38;2;138;43;226m╗[0m[38;2;200;162;200m███[0m[38;2;138;43;226m╗[0m   [38;2;200;162;200m██[0m[38;2;138;43;226m╗[0m[38;2;200;162;200m███████[0m[38;2;138;43;226m╗[0m   [38;2;138;43;226m║[0m
[38;2;138;43;226m║[0m  [38;2;138;43;226m╚══[38;2;200;162;200m██[0m[38;2;138;43;226m╔══╝[0m[38;2;200;162;200m██[0m[38;2;138;43;226m║[0m[38;2;200;162;200m████[0m[38;2;138;43;226m╗[0m [38;2;200;162;200m████[0m[38;2;138;43;226m║[0m[38;2;200;162;200m██[0m[38;2;138;43;226m╔════╝[0m[38;2;200;162;200m██[0m[38;2;138;43;226m║[0m     [38;2;200;162;200m██[0m[38;2;138;43;226m║[0m[38;2;200;162;200m████[0m[38;2;138;43;226m╗[0m  [38;2;200;162;200m██[0m[38;2;138;43;226m║[0m[38;2;200;162;200m██[0m[38;2;138;43;226m╔════╝[0m   [38;2;138;43;226m║[0m
[38;2;138;43;226m║[0m     [38;2;200;162;200m██[0m[38;2;138;43;226m║[0m   [38;2;200;162;200m██[0m[38;2;138;43;226m║[0m[38;2;200;162;200m██[0m[38;2;138;43;226m╔[0m[38;2;200;162;200m████[0m[38;2;138;43;226m╔[0m[38;2;200;162;200m██[0m[38;2;138;43;226m║[0m[38;2;200;162;200m█████[0m[38;2;138;43;226m╗[0m  [38;2;200;162;200m██[0m[38;2;138;43;226m║[0m     [38;2;200;162;200m██[0m[38;2;138;43;226m║[0m[38;2;200;162;200m██[0m[38;2;138;43;226m╔[0m[38;2;200;162;200m██[0m[38;2;138;43;226m╗[0m [38;2;200;162;200m██[0m[38;2;138;43;226m║[0m[38;2;200;162;200m█████[0m[38;2;138;43;226m╗[0m     [38;2;138;43;226m║[0m
[38;2;138;43;226m║[0m     [38;2;200;162;200m██[0m[38;2;138;43;226m║[0m   [38;2;200;162;200m██[0m[38;2;138;43;226m║[0m[38;2;200;162;200m██[0m[38;2;138;43;226m║[0m[38;2;138;43;226m╚[0m[38;2;200;162;200m██[0m[38;2;138;43;226m╔╝[0m[38;2;200;162;200m██[0m[38;2;138;43;226m║[0m[38;2;200;162;200m██[0m[38;2;138;43;226m╔══╝[0m  [38;2;200;162;200m██[0m[38;2;138;43;226m║[0m     [38;2;200;162;200m██[0m[38;2;138;43;226m║[0m[38;2;200;162;200m██[0m[38;2;138;43;226m║[0m[38;2;138;43;226m╚[0m[38;2;200;162;200m██[0m[38;2;138;43;226m╗[0m[38;2;200;162;200m██[0m[38;2;138;43;226m║[0m[38;2;200;162;200m██[0m[38;2;138;43;226m╔══╝[0m     [38;2;138;43;226m║[0m
[38;2;138;43;226m║[0m     [38;2;200;162;200m██[0m[38;2;138;43;226m║[0m   [38;2;200;162;200m██[0m[38;2;138;43;226m║[0m[38;2;200;162;200m██[0m[38;2;138;43;226m║[0m [38;2;138;43;226m╚═╝[0m [38;2;200;162;200m██[0m[38;2;138;43;226m║[0m[38;2;200;162;200m███████[0m[38;2;138;43;226m╗[0m[38;2;200;162;200m███████[0m[38;2;138;43;226m╗[0m[38;2;200;162;200m██[0m[38;2;138;43;226m║[0m[38;2;200;162;200m██[0m[38;2;138;43;226m║[0m [38;2;138;43;226m╚[38;2;200;162;200m████[0m[38;2;138;43;226m║[0m[38;2;200;162;200m███████[0m[38;2;138;43;226m╗[0m   [38;2;138;43;226m║[0m
[38;2;138;43;226m║[0m     [38;2;138;43;226m╚═╝[0m   [38;2;138;43;226m╚═╝╚═╝[0m     [38;2;138;43;226m╚═╝╚══════[0m[38;2;138;43;226m╝╚══════╝╚═╝╚═╝[0m  [38;2;138;43;226m╚═══╝╚══════[0m[38;2;138;43;226m╝[0m   [38;2;138;43;226m║[0m
[38;2;138;43;226m║[0m                                                                 [38;2;138;43;226m║[0m
[38;2;138;43;226m║[0m    [38;2;100;100;100m╔[0m[38;2;255;255;255m██████[0m[38;2;100;100;100m╗[0m  [38;2;200;162;200m██[0m[38;2;138;43;226m╗[0m[38;2;200;162;200m███[0m[38;2;138;43;226m╗[0m   [38;2;200;162;200m███[0m[38;2;138;43;226m╗[0m [38;2;200;162;200m█████[0m[38;2;138;43;226m╗[0m  [38;2;200;162;200m██████[0m[38;2;138;43;226m╗[0m [38;2;200;162;200m███████[0m[38;2;138;43;226m╗[0m[38;2;200;162;200m███████[0m[38;2;138;43;226m║[0m    [38;2;138;43;226m║[0m
[38;2;138;43;226m║[0m    [38;2;100;100;100m╚════[38;2;255;255;255m██[0m[38;2;100;100;100m║[0m  [38;2;200;162;200m██[0m[38;2;138;43;226m║[0m[38;2;200;162;200m████[0m[38;2;138;43;226m╗[0m [38;2;200;162;200m████[0m[38;2;138;43;226m║[0m[38;2;200;162;200m██[0m[38;2;138;43;226m╔══[0m[38;2;200;162;200m██[0m[38;2;138;43;226m╗[0m[38;2;200;162;200m██[0m[38;2;138;43;226m╔════╝[0m [38;2;200;162;200m██[0m[38;2;138;43;226m╔════╝[0m[38;2;200;162;200m██[0m[38;2;138;43;226m╔════╝[0m    [38;2;138;43;226m║[0m
[38;2;138;43;226m║[0m     [38;2;255;255;255m█████[0m[38;2;100;100;100m╔╝[0m  [38;2;200;162;200m██[0m[38;2;138;43;226m║[0m[38;2;200;162;200m██[0m[38;2;138;43;226m╔[0m[38;2;200;162;200m████[0m[38;2;138;43;226m╔[0m[38;2;200;162;200m██[0m[38;2;138;43;226m║[0m[38;2;200;162;200m███████[0m[38;2;138;43;226m║[0m[38;2;200;162;200m██[0m[38;2;138;43;226m║[0m  [38;2;200;162;200m███[0m[38;2;138;43;226m╗[0m[38;2;200;162;200m█████[0m[38;2;138;43;226m╗[0m  [38;2;200;162;200m███████[0m[38;2;138;43;226m║[0m    [38;2;138;43;226m║[0m
[38;2;138;43;226m║[0m    [38;2;255;255;255m██[0m[38;2;100;100;100m╔═══╝[0m   [38;2;200;162;200m██[0m[38;2;138;43;226m║[0m[38;2;200;162;200m██[0m[38;2;138;43;226m║╚[38;2;200;162;200m██[0m[38;2;138;43;226m╔╝[0m[38;2;200;162;200m██[0m[38;2;138;43;226m║[0m[38;2;200;162;200m██[0m[38;2;138;43;226m╔══[0m[38;2;200;162;200m██[0m[38;2;138;43;226m║[0m[38;2;200;162;200m██[0m[38;2;138;43;226m║[0m   [38;2;200;162;200m██[0m[38;2;138;43;226m║[0m[38;2;200;162;200m██[0m[38;2;138;43;226m╔══╝[0m  [38;2;138;43;226m╚════[38;2;200;162;200m██[0m[38;2;138;43;226m║[0m    [38;2;138;43;226m║[0m
[38;2;138;43;226m║[0m    [38;2;255;255;255m███████[0m[38;2;100;100;100m╗[0m  [38;2;200;162;200m██[0m[38;2;138;43;226m║[0m[38;2;200;162;200m██[0m[38;2;138;43;226m║[0m [38;2;138;43;226m╚═╝[0m [38;2;200;162;200m██[0m[38;2;138;43;226m║[0m[38;2;200;162;200m██[0m[38;2;138;43;226m║[0m  [38;2;200;162;200m██[0m[38;2;138;43;226m║╚[0m[38;2;200;162;200m██████[0m[38;2;138;43;226m╔╝[0m[38;2;200;162;200m███████[0m[38;2;138;43;226m╗[0m[38;2;200;162;200m███████[0m[38;2;138;43;226m║[0m    [38;2;138;43;226m║[0m
[38;2;138;43;226m║[0m    [38;2;100;100;100m╚══════╝[0m  [38;2;138;43;226m╚═╝╚═╝[0m     [38;2;138;43;226m╚═╝╚═╝[0m  [38;2;138;43;226m╚═╝[0m [38;2;138;43;226m╚═════╝[0m [38;2;138;43;226m╚══════╝[0m[38;2;138;43;226m╚══════╝[0m    [38;2;138;43;226m║[0m
[38;2;138;43;226m║[0m                                                                 [38;2;138;43;226m║[0m
[38;2;138;43;226m║[0m        Generate daily route maps from Google Timeline           [38;2;138;43;226m║[0m
[38;2;138;43;226m║[0m                                                                 [38;2;138;43;226m║[0m
[38;2;138;43;226m╚═════════════════════════════════════════════════════════════════╝[0m

Loading timeline data from Timeline.json... ✓ (0.25s)
Found 3342 days with data
Date range: 2016-04-11 to 2026-07-15

Processing dates 2026-01-01 to 2026-07-15...
[DEBUG] Connector: 0.0 km
  End: 52.5069N, 13.4064E @ 2026-01-02 01:00:00+00:00
  Start: 52.5069N, 13.4064E @ 2026-01-02 01:00:00+00:00
  Gap: 0:00:00
[DEBUG] Connector: 0.0 km
  End: 54.0388N, 13.8181E @ 2026-01-03 01:00:00+00:00
  Start: 54.0388N, 13.8181E @ 2026-01-03 01:00:00+00:00
  Gap: 0:00:00
[DEBUG] Connector: 0.0 km
  End: 54.0388N, 13.8180E @ 2026-01-04 01:00:00+00:00
  Start: 54.0388N, 13.8181E @ 2026-01-04 01:00:00+00:00
  Gap: 0:00:00
[DEBUG] Connector: 0.0 km
  End: 54.0388N, 13.8181E @ 2026-01-05 01:00:00+00:00
  Start: 54.0388N, 13.8181E @ 2026-01-05 01:00:00+00:00
  Gap: 0:00:00
[DEBUG] Connector: 0.0 km
  End: 54.0388N, 13.8180E @ 2026-01-06 01:00:00+00:00
  Start: 54.0388N, 13.8180E @ 2026-01-06 01:00:00+00:00
  Gap: 0:00:00
[DEBUG] Connector: 0.0 km
  End: 54.0388N, 13.8180E @ 2026-01-07 01:00:00+00:00
  Start: 54.0388N, 13.8181E @ 2026-01-07 01:00:00+00:00
  Gap: 0:00:00
[DEBUG] Connector: 0.2 km
  End: 52.5069N, 13.4063E @ 2026-01-08 01:00:00+00:00
  Start: 52.5067N, 13.4039E @ 2026-01-08 09:00:00+00:00
  Gap: 8:00:00
[DEBUG] Connector: 0.0 km
  End: 52.5068N, 13.4064E @ 2026-01-09 01:00:00+00:00
  Start: 52.5069N, 13.4064E @ 2026-01-09 01:00:00+00:00
  Gap: 0:00:00
[DEBUG] Connector: 0.0 km
  End: 52.5069N, 13.4064E @ 2026-01-10 01:00:00+00:00
  Start: 52.5069N, 13.4064E @ 2026-01-10 01:00:00+00:00
  Gap: 0:00:00
[DEBUG] Connector: 0.5 km
  End: 52.5068N, 13.4064E @ 2026-01-11 01:00:00+00:00
  Start: 52.5081N, 13.4134E @ 2026-01-11 11:00:00+00:00
  Gap: 10:00:00
[DEBUG] Connector: 0.0 km
  End: 52.5069N, 13.4064E @ 2026-01-12 01:00:00+00:00
  Start: 52.5068N, 13.4064E @ 2026-01-12 09:00:00+00:00
  Gap: 8:00:00
[DEBUG] Connector: 0.0 km
  End: 54.0388N, 13.8181E @ 2026-01-13 01:00:00+00:00
  Start: 54.0388N, 13.8181E @ 2026-01-13 01:00:00+00:00
  Gap: 0:00:00
[DEBUG] Connector: 0.0 km
  End: 54.0388N, 13.8181E @ 2026-01-14 01:00:00+00:00
  Start: 54.0388N, 13.8181E @ 2026-01-14 01:00:00+00:00
  Gap: 0:00:00
[DEBUG] Connector: 0.0 km
  End: 54.0388N, 13.8181E @ 2026-01-15 01:00:00+00:00
  Start: 54.0388N, 13.8181E @ 2026-01-15 01:00:00+00:00
  Gap: 0:00:00
[DEBUG] Connector: 0.0 km
  End: 54.0388N, 13.8181E @ 2026-01-16 01:00:00+00:00
  Start: 54.0388N, 13.8181E @ 2026-01-16 01:00:00+00:00
  Gap: 0:00:00
[DEBUG] Connector: 0.0 km
  End: 54.0388N, 13.8181E @ 2026-01-17 01:00:00+00:00
  Start: 54.0388N, 13.8180E @ 2026-01-17 01:00:00+00:00
  Gap: 0:00:00
[DEBUG] Connector: 0.0 km
  End: 54.0388N, 13.8181E @ 2026-01-18 01:00:00+00:00
  Start: 54.0388N, 13.8181E @ 2026-01-18 01:00:00+00:00
  Gap: 0:00:00
[DEBUG] Connector: 0.0 km
  End: 52.5069N, 13.4063E @ 2026-01-19 01:00:00+00:00
  Start: 52.5069N, 13.4063E @ 2026-01-19 01:00:00+00:00
  Gap: 0:00:00
[DEBUG] Connector: 0.4 km
  End: 52.5069N, 13.4063E @ 2026-01-19 23:00:00+00:00
  Start: 52.5097N, 13.4109E @ 2026-01-20 07:00:00+00:00
  Gap: 8:00:00
[DEBUG] Connector: 0.0 km
  End: 52.5068N, 13.4064E @ 2026-01-20 23:00:00+00:00
  Start: 52.5068N, 13.4063E @ 2026-01-21 07:00:00+00:00
  Gap: 8:00:00
[DEBUG] Connector: 0.0 km
  End: 52.5068N, 13.4064E @ 2026-01-21 23:00:00+00:00
  Start: 52.5068N, 13.4064E @ 2026-01-22 07:00:00+00:00
  Gap: 8:00:00
[DEBUG] Connector: 0.0 km
  End: 52.5068N, 13.4064E @ 2026-01-22 23:00:00+00:00
  Start: 52.5069N, 13.4064E @ 2026-01-23 07:00:00+00:00
  Gap: 8:00:00
[DEBUG] Connector: 0.0 km
  End: 52.5068N, 13.4064E @ 2026-01-24 01:00:00+00:00
  Start: 52.5068N, 13.4064E @ 2026-01-24 01:00:00+00:00
  Gap: 0:00:00
[DEBUG] Connector: 0.0 km
  End: 52.5068N, 13.4064E @ 2026-01-25 01:00:00+00:00
  Start: 52.5068N, 13.4064E @ 2026-01-25 01:00:00+00:00
  Gap: 0:00:00
[DEBUG] Connector: 0.0 km
  End: 52.5068N, 13.4063E @ 2026-01-25 23:00:00+00:00
  Start: 52.5069N, 13.4064E @ 2026-01-26 07:00:00+00:00
  Gap: 8:00:00
[DEBUG] Connector: 0.0 km
  End: 52.5068N, 13.4064E @ 2026-01-26 23:00:00+00:00
  Start: 52.5068N, 13.4064E @ 2026-01-27 07:00:00+00:00
  Gap: 8:00:00
[DEBUG] Connector: 0.0 km
  End: 52.5066N, 13.4059E @ 2026-01-27 23:00:00+00:00
  Start: 52.5068N, 13.4064E @ 2026-01-28 07:00:00+00:00
  Gap: 8:00:00
[DEBUG] Connector: 0.0 km
  End: 52.5068N, 13.4064E @ 2026-01-28 23:00:00+00:00
  Start: 52.5069N, 13.4063E @ 2026-01-29 07:00:00+00:00
  Gap: 8:00:00
[DEBUG] Connector: 0.0 km
  End: 52.5068N, 13.4064E @ 2026-01-29 23:00:00+00:00
  Start: 52.5068N, 13.4064E @ 2026-01-30 07:00:00+00:00
  Gap: 8:00:00
[DEBUG] Connector: 0.0 km
  End: 52.5068N, 13.4064E @ 2026-01-31 01:00:00+00:00
  Start: 52.5068N, 13.4064E @ 2026-01-31 01:00:00+00:00
  Gap: 0:00:00
[DEBUG] Connector: 0.0 km
  End: 52.5068N, 13.4064E @ 2026-02-01 01:00:00+00:00
  Start: 52.5068N, 13.4064E @ 2026-02-01 01:00:00+00:00
  Gap: 0:00:00
[DEBUG] Connector: 0.0 km
  End: 52.5068N, 13.4064E @ 2026-02-01 23:00:00+00:00
  Start: 52.5068N, 13.4064E @ 2026-02-02 07:00:00+00:00
  Gap: 8:00:00
[DEBUG] Connector: 0.0 km
  End: 52.5068N, 13.4064E @ 2026-02-02 21:00:00+00:00
  Start: 52.5068N, 13.4064E @ 2026-02-03 07:00:00+00:00
  Gap: 10:00:00
[DEBUG] Connector: 0.0 km
  End: 52.5068N, 13.4064E @ 2026-02-04 01:00:00+00:00
  Start: 52.5068N, 13.4064E @ 2026-02-04 01:00:00+00:00
  Gap: 0:00:00
[DEBUG] Connector: 0.0 km
  End: 52.5068N, 13.4064E @ 2026-02-04 23:00:00+00:00
  Start: 52.5069N, 13.4064E @ 2026-02-05 07:00:00+00:00
  Gap: 8:00:00
[DEBUG] Connector: 0.0 km
  End: 52.5068N, 13.4064E @ 2026-02-05 23:00:00+00:00
  Start: 52.5068N, 13.4064E @ 2026-02-06 07:00:00+00:00
  Gap: 8:00:00
[DEBUG] Connector: 0.1 km
  End: 52.4904N, 13.3933E @ 2026-02-06 21:00:00+00:00
  Start: 52.4906N, 13.3921E @ 2026-02-07 01:00:00+00:00
  Gap: 4:00:00
[DEBUG] Connector: 0.0 km
  End: 52.5069N, 13.4064E @ 2026-02-08 01:00:00+00:00
  Start: 52.5069N, 13.4064E @ 2026-02-08 01:00:00+00:00
  Gap: 0:00:00
[DEBUG] Connector: 0.0 km
  End: 52.5068N, 13.4064E @ 2026-02-08 23:00:00+00:00
  Start: 52.5069N, 13.4063E @ 2026-02-09 07:00:00+00:00
  Gap: 8:00:00
[DEBUG] Connector: 0.0 km
  End: 52.5068N, 13.4064E @ 2026-02-09 21:00:00+00:00
  Start: 52.5068N, 13.4064E @ 2026-02-10 07:00:00+00:00
  Gap: 10:00:00
[DEBUG] Connector: 0.0 km
  End: 52.5068N, 13.4064E @ 2026-02-10 23:00:00+00:00
  Start: 52.5069N, 13.4065E @ 2026-02-11 07:00:00+00:00
  Gap: 8:00:00
[DEBUG] Connector: 0.0 km
  End: 52.5068N, 13.4064E @ 2026-02-11 23:00:00+00:00
  Start: 52.5068N, 13.4063E @ 2026-02-12 07:00:00+00:00
  Gap: 8:00:00
[DEBUG] Connector: 0.0 km
  End: 52.5068N, 13.4064E @ 2026-02-12 23:00:00+00:00
  Start: 52.5068N, 13.4064E @ 2026-02-13 07:00:00+00:00
  Gap: 8:00:00
[DEBUG] Connector: 0.0 km
  End: 52.5068N, 13.4064E @ 2026-02-14 01:00:00+00:00
  Start: 52.5068N, 13.4064E @ 2026-02-14 01:00:00+00:00
  Gap: 0:00:00
[DEBUG] Connector: 0.0 km
  End: 52.5068N, 13.4064E @ 2026-02-15 01:00:00+00:00
  Start: 52.5068N, 13.4064E @ 2026-02-15 01:00:00+00:00
  Gap: 0:00:00
[DEBUG] Connector: 0.0 km
  End: 52.5066N, 13.4065E @ 2026-02-15 23:00:00+00:00
  Start: 52.5066N, 13.4066E @ 2026-02-16 07:00:00+00:00
  Gap: 8:00:00
[DEBUG] Connector: 0.0 km
  End: 52.5068N, 13.4065E @ 2026-02-16 23:00:00+00:00
  Start: 52.5069N, 13.4061E @ 2026-02-17 07:00:00+00:00
  Gap: 8:00:00
[DEBUG] Connector: 0.0 km
  End: 52.5068N, 13.4064E @ 2026-02-17 23:00:00+00:00
  Start: 52.5069N, 13.4061E @ 2026-02-18 07:00:00+00:00
  Gap: 8:00:00
[DEBUG] Connector: 0.0 km
  End: 52.5068N, 13.4064E @ 2026-02-18 23:00:00+00:00
  Start: 52.5066N, 13.4061E @ 2026-02-19 07:00:00+00:00
  Gap: 8:00:00
[DEBUG] Connector: 0.0 km
  End: 52.5068N, 13.4063E @ 2026-02-19 23:00:00+00:00
  Start: 52.5070N, 13.4063E @ 2026-02-20 07:00:00+00:00
  Gap: 8:00:00
[DEBUG] Connector: 0.0 km
  End: 52.5068N, 13.4064E @ 2026-02-21 01:00:00+00:00
  Start: 52.5068N, 13.4064E @ 2026-02-21 01:00:00+00:00
  Gap: 0:00:00
[DEBUG] Connector: 0.0 km
  End: 52.5068N, 13.4064E @ 2026-02-22 01:00:00+00:00
  Start: 52.5068N, 13.4064E @ 2026-02-22 01:00:00+00:00
  Gap: 0:00:00
[DEBUG] Connector: 0.0 km
  End: 52.5068N, 13.4064E @ 2026-02-22 23:00:00+00:00
  Start: 52.5068N, 13.4062E @ 2026-02-23 07:00:00+00:00
  Gap: 8:00:00
[DEBUG] Connector: 0.0 km
  End: 52.5068N, 13.4064E @ 2026-02-23 23:00:00+00:00
  Start: 52.5069N, 13.4062E @ 2026-02-24 07:00:00+00:00
  Gap: 8:00:00
[DEBUG] Connector: 0.0 km
  End: 52.5068N, 13.4064E @ 2026-02-24 23:00:00+00:00
  Start: 52.5068N, 13.4064E @ 2026-02-25 07:00:00+00:00
  Gap: 8:00:00
[DEBUG] Connector: 0.0 km
  End: 52.5069N, 13.4061E @ 2026-02-26 01:00:00+00:00
  Start: 52.5068N, 13.4064E @ 2026-02-26 07:00:00+00:00
  Gap: 6:00:00
[DEBUG] Connector: 0.0 km
  End: 52.5069N, 13.4064E @ 2026-02-26 23:00:00+00:00
  Start: 52.5069N, 13.4064E @ 2026-02-27 07:00:00+00:00
  Gap: 8:00:00
[DEBUG] Connector: 0.0 km
  End: 52.5068N, 13.4064E @ 2026-02-28 01:00:00+00:00
  Start: 52.5068N, 13.4064E @ 2026-02-28 01:00:00+00:00
  Gap: 0:00:00
[DEBUG] Connector: 0.0 km
  End: 52.5068N, 13.4064E @ 2026-03-01 01:00:00+00:00
  Start: 52.5069N, 13.4064E @ 2026-03-01 01:00:00+00:00
  Gap: 0:00:00
[DEBUG] Connector: 0.0 km
  End: 52.5067N, 13.4064E @ 2026-03-01 23:00:00+00:00
  Start: 52.5067N, 13.4059E @ 2026-03-02 07:00:00+00:00
  Gap: 8:00:00
[DEBUG] Connector: 0.0 km
  End: 52.5068N, 13.4064E @ 2026-03-02 23:00:00+00:00
  Start: 52.5069N, 13.4062E @ 2026-03-03 07:00:00+00:00
  Gap: 8:00:00
[DEBUG] Connector: 0.0 km
  End: 52.5068N, 13.4064E @ 2026-03-03 23:00:00+00:00
  Start: 52.5068N, 13.4064E @ 2026-03-04 07:00:00+00:00
  Gap: 8:00:00
[DEBUG] Connector: 0.0 km
  End: 52.5068N, 13.4063E @ 2026-03-04 23:00:00+00:00
  Start: 52.5068N, 13.4058E @ 2026-03-05 07:00:00+00:00
  Gap: 8:00:00
[DEBUG] Connector: 0.0 km
  End: 52.5068N, 13.4064E @ 2026-03-05 23:00:00+00:00
  Start: 52.5068N, 13.4064E @ 2026-03-06 07:00:00+00:00
  Gap: 8:00:00
[DEBUG] Connector: 0.0 km
  End: 52.5068N, 13.4064E @ 2026-03-07 01:00:00+00:00
  Start: 52.5068N, 13.4064E @ 2026-03-07 01:00:00+00:00
  Gap: 0:00:00
[DEBUG] Connector: 0.0 km
  End: 52.5068N, 13.4063E @ 2026-03-08 01:00:00+00:00
  Start: 52.5068N, 13.4063E @ 2026-03-08 01:00:00+00:00
  Gap: 0:00:00
[DEBUG] Connector: 0.0 km
  End: 52.5068N, 13.4063E @ 2026-03-08 23:00:00+00:00
  Start: 52.5068N, 13.4061E @ 2026-03-09 07:00:00+00:00
  Gap: 8:00:00
[DEBUG] Connector: 0.0 km
  End: 52.5068N, 13.4064E @ 2026-03-09 23:00:00+00:00
  Start: 52.5068N, 13.4063E @ 2026-03-10 07:00:00+00:00
  Gap: 8:00:00
[DEBUG] Connector: 0.6 km
  End: 52.5068N, 13.4064E @ 2026-03-10 21:00:00+00:00
  Start: 52.5072N, 13.3974E @ 2026-03-11 07:00:00+00:00
  Gap: 10:00:00
[DEBUG] Connector: 0.0 km
  End: 52.5068N, 13.4064E @ 2026-03-11 21:00:00+00:00
  Start: 52.5068N, 13.4063E @ 2026-03-12 07:00:00+00:00
  Gap: 10:00:00
[DEBUG] Connector: 0.0 km
  End: 52.5068N, 13.4064E @ 2026-03-12 23:00:00+00:00
  Start: 52.5069N, 13.4060E @ 2026-03-13 07:00:00+00:00
  Gap: 8:00:00
[DEBUG] Connector: 0.0 km
  End: 52.5068N, 13.4063E @ 2026-03-14 01:00:00+00:00
  Start: 52.5068N, 13.4063E @ 2026-03-14 01:00:00+00:00
  Gap: 0:00:00
[DEBUG] Connector: 0.0 km
  End: 52.5068N, 13.4063E @ 2026-03-15 01:00:00+00:00
  Start: 52.5068N, 13.4063E @ 2026-03-15 01:00:00+00:00
  Gap: 0:00:00
[DEBUG] Connector: 0.0 km
  End: 52.5068N, 13.4063E @ 2026-03-15 23:00:00+00:00
  Start: 52.5068N, 13.4063E @ 2026-03-16 07:00:00+00:00
  Gap: 8:00:00
[DEBUG] Connector: 0.1 km
  End: 52.5072N, 13.4057E @ 2026-03-16 23:00:00+00:00
  Start: 52.5068N, 13.4064E @ 2026-03-17 07:00:00+00:00
  Gap: 8:00:00
[DEBUG] Connector: 0.0 km
  End: 52.5068N, 13.4063E @ 2026-03-17 23:00:00+00:00
  Start: 52.5068N, 13.4059E @ 2026-03-18 07:00:00+00:00
  Gap: 8:00:00
[DEBUG] Connector: 0.0 km
  End: 52.5068N, 13.4063E @ 2026-03-18 23:00:00+00:00
  Start: 52.5071N, 13.4059E @ 2026-03-19 07:00:00+00:00
  Gap: 8:00:00
[DEBUG] Connector: 0.0 km
  End: 52.5068N, 13.4064E @ 2026-03-19 23:00:00+00:00
  Start: 52.5070N, 13.4064E @ 2026-03-20 07:00:00+00:00
  Gap: 8:00:00
[DEBUG] Connector: 0.1 km
  End: 52.5298N, 13.3973E @ 2026-03-21 01:00:00+00:00
  Start: 52.5296N, 13.3983E @ 2026-03-21 01:00:00+00:00
  Gap: 0:00:00
[DEBUG] Connector: 0.1 km
  End: 52.4905N, 13.3936E @ 2026-03-21 21:00:00+00:00
  Start: 52.4906N, 13.3928E @ 2026-03-22 01:00:00+00:00
  Gap: 4:00:00
[DEBUG] Connector: 0.0 km
  End: 52.5068N, 13.4063E @ 2026-03-22 23:00:00+00:00
  Start: 52.5067N, 13.4065E @ 2026-03-23 07:00:00+00:00
  Gap: 8:00:00
[DEBUG] Connector: 0.0 km
  End: 52.5068N, 13.4064E @ 2026-03-23 23:00:00+00:00
  Start: 52.5069N, 13.4061E @ 2026-03-24 07:00:00+00:00
  Gap: 8:00:00
[DEBUG] Connector: 0.1 km
  End: 52.5068N, 13.4063E @ 2026-03-24 23:00:00+00:00
  Start: 52.5064N, 13.4055E @ 2026-03-25 07:00:00+00:00
  Gap: 8:00:00
[DEBUG] Connector: 0.0 km
  End: 52.5068N, 13.4063E @ 2026-03-25 23:00:00+00:00
  Start: 52.5067N, 13.4059E @ 2026-03-26 07:00:00+00:00
  Gap: 8:00:00
[DEBUG] Connector: 0.0 km
  End: 52.5068N, 13.4063E @ 2026-03-26 23:00:00+00:00
  Start: 52.5068N, 13.4064E @ 2026-03-27 07:00:00+00:00
  Gap: 8:00:00
[DEBUG] Connector: 0.0 km
  End: 52.5068N, 13.4063E @ 2026-03-28 01:00:00+00:00
  Start: 52.5068N, 13.4063E @ 2026-03-28 01:00:00+00:00
  Gap: 0:00:00
[DEBUG] Connector: 0.0 km
  End: 52.5068N, 13.4064E @ 2026-03-29 01:00:00+00:00
  Start: 52.5068N, 13.4064E @ 2026-03-29 01:00:00+00:00
  Gap: 0:00:00
[DEBUG] Connector: 0.0 km
  End: 52.5068N, 13.4064E @ 2026-03-29 23:00:00+00:00
  Start: 52.5068N, 13.4064E @ 2026-03-30 05:00:00+00:00
  Gap: 6:00:00
[DEBUG] Connector: 0.0 km
  End: 52.5069N, 13.4064E @ 2026-03-30 23:00:00+00:00
  Start: 52.5068N, 13.4063E @ 2026-03-31 05:00:00+00:00
  Gap: 6:00:00
[DEBUG] Connector: 0.0 km
  End: 52.5068N, 13.4064E @ 2026-03-31 21:00:00+00:00
  Start: 52.5068N, 13.4064E @ 2026-04-01 05:00:00+00:00
  Gap: 8:00:00
[DEBUG] Connector: 0.0 km
  End: 54.0388N, 13.8181E @ 2026-04-02 01:00:00+00:00
  Start: 54.0388N, 13.8180E @ 2026-04-02 01:00:00+00:00
  Gap: 0:00:00
[DEBUG] Connector: 0.0 km
  End: 54.0388N, 13.8181E @ 2026-04-03 01:00:00+00:00
  Start: 54.0388N, 13.8181E @ 2026-04-03 01:00:00+00:00
  Gap: 0:00:00
[DEBUG] Connector: 0.0 km
  End: 54.0388N, 13.8180E @ 2026-04-04 01:00:00+00:00
  Start: 54.0388N, 13.8181E @ 2026-04-04 01:00:00+00:00
  Gap: 0:00:00
[DEBUG] Connector: 0.0 km
  End: 54.0388N, 13.8180E @ 2026-04-05 01:00:00+00:00
  Start: 54.0388N, 13.8180E @ 2026-04-05 01:00:00+00:00
  Gap: 0:00:00
[DEBUG] Connector: 0.0 km
  End: 54.0388N, 13.8181E @ 2026-04-06 01:00:00+00:00
  Start: 54.0390N, 13.8183E @ 2026-04-06 09:00:00+00:00
  Gap: 8:00:00
[DEBUG] Connector: 0.0 km
  End: 52.5068N, 13.4064E @ 2026-04-06 21:00:00+00:00
  Start: 52.5065N, 13.4060E @ 2026-04-07 05:00:00+00:00
  Gap: 8:00:00
[DEBUG] Connector: 0.0 km
  End: 52.5068N, 13.4064E @ 2026-04-07 21:00:00+00:00
  Start: 52.5068N, 13.4064E @ 2026-04-08 05:00:00+00:00
  Gap: 8:00:00
[DEBUG] Connector: 0.0 km
  End: 52.5068N, 13.4064E @ 2026-04-08 21:00:00+00:00
  Start: 52.5068N, 13.4062E @ 2026-04-09 05:00:00+00:00
  Gap: 8:00:00
[DEBUG] Connector: 0.0 km
  End: 52.5068N, 13.4064E @ 2026-04-09 21:00:00+00:00
  Start: 52.5069N, 13.4061E @ 2026-04-10 05:00:00+00:00
  Gap: 8:00:00
[DEBUG] Connector: 0.0 km
  End: 52.5068N, 13.4064E @ 2026-04-11 01:00:00+00:00
  Start: 52.5068N, 13.4064E @ 2026-04-11 01:00:00+00:00
  Gap: 0:00:00
[DEBUG] Connector: 0.0 km
  End: 52.5068N, 13.4064E @ 2026-04-12 01:00:00+00:00
  Start: 52.5068N, 13.4064E @ 2026-04-12 01:00:00+00:00
  Gap: 0:00:00
[DEBUG] Connector: 0.0 km
  End: 52.5068N, 13.4064E @ 2026-04-12 21:00:00+00:00
  Start: 52.5068N, 13.4064E @ 2026-04-13 05:00:00+00:00
  Gap: 8:00:00
[DEBUG] Connector: 0.0 km
  End: 52.5068N, 13.4063E @ 2026-04-13 21:00:00+00:00
  Start: 52.5068N, 13.4063E @ 2026-04-14 05:00:00+00:00
  Gap: 8:00:00
[DEBUG] Connector: 0.0 km
  End: 52.5068N, 13.4064E @ 2026-04-14 21:00:00+00:00
  Start: 52.5068N, 13.4064E @ 2026-04-15 05:00:00+00:00
  Gap: 8:00:00
[DEBUG] Connector: 0.0 km
  End: 52.5068N, 13.4064E @ 2026-04-15 21:00:00+00:00
  Start: 52.5068N, 13.4064E @ 2026-04-16 05:00:00+00:00
  Gap: 8:00:00
[DEBUG] Connector: 0.0 km
  End: 52.5068N, 13.4064E @ 2026-04-16 21:00:00+00:00
  Start: 52.5067N, 13.4064E @ 2026-04-17 05:00:00+00:00
  Gap: 8:00:00
[DEBUG] Connector: 0.0 km
  End: 52.5068N, 13.4064E @ 2026-04-18 01:00:00+00:00
  Start: 52.5068N, 13.4064E @ 2026-04-18 01:00:00+00:00
  Gap: 0:00:00
[DEBUG] Connector: 0.0 km
  End: 52.5068N, 13.4064E @ 2026-04-19 01:00:00+00:00
  Start: 52.5068N, 13.4064E @ 2026-04-19 01:00:00+00:00
  Gap: 0:00:00
[DEBUG] Connector: 0.0 km
  End: 52.5068N, 13.4064E @ 2026-04-19 21:00:00+00:00
  Start: 52.5069N, 13.4061E @ 2026-04-20 05:00:00+00:00
  Gap: 8:00:00
[DEBUG] Connector: 0.1 km
  End: 52.5068N, 13.4064E @ 2026-04-20 21:00:00+00:00
  Start: 52.5067N, 13.4056E @ 2026-04-21 05:00:00+00:00
  Gap: 8:00:00
[DEBUG] Connector: 0.0 km
  End: 52.5068N, 13.4063E @ 2026-04-21 21:00:00+00:00
  Start: 52.5068N, 13.4062E @ 2026-04-22 05:00:00+00:00
  Gap: 8:00:00
[DEBUG] Connector: 0.0 km
  End: 52.5068N, 13.4063E @ 2026-04-22 21:00:00+00:00
  Start: 52.5068N, 13.4063E @ 2026-04-23 05:00:00+00:00
  Gap: 8:00:00
[DEBUG] Connector: 0.3 km
  End: 52.5068N, 13.4064E @ 2026-04-23 21:00:00+00:00
  Start: 52.5073N, 13.4114E @ 2026-04-24 06:00:00+00:00
  Gap: 9:00:00
[DEBUG] Connector: 0.0 km
  End: 52.5068N, 13.4064E @ 2026-04-25 01:00:00+00:00
  Start: 52.5068N, 13.4064E @ 2026-04-25 01:00:00+00:00
  Gap: 0:00:00
[DEBUG] Connector: 0.0 km
  End: 52.5068N, 13.4064E @ 2026-04-26 01:00:00+00:00
  Start: 52.5068N, 13.4064E @ 2026-04-26 01:00:00+00:00
  Gap: 0:00:00
[DEBUG] Connector: 1.2 km
  End: 52.5068N, 13.4064E @ 2026-04-26 22:00:00+00:00
  Start: 52.5108N, 13.4224E @ 2026-04-27 10:00:00+00:00
  Gap: 12:00:00
[DEBUG] Connector: 0.0 km
  End: 52.5068N, 13.4064E @ 2026-04-27 22:00:00+00:00
  Start: 52.5068N, 13.4064E @ 2026-04-28 06:00:00+00:00
  Gap: 8:00:00
[DEBUG] Connector: 0.0 km
  End: 52.5068N, 13.4064E @ 2026-04-28 22:00:00+00:00
  Start: 52.5066N, 13.4060E @ 2026-04-29 06:00:00+00:00
  Gap: 8:00:00
[DEBUG] Connector: 0.0 km
  End: 52.5068N, 13.4064E @ 2026-04-29 22:00:00+00:00
  Start: 52.5068N, 13.4062E @ 2026-04-30 06:00:00+00:00
  Gap: 8:00:00
[DEBUG] Connector: 0.0 km
  End: 52.5068N, 13.4063E @ 2026-05-01 01:00:00+00:00
  Start: 52.5068N, 13.4065E @ 2026-05-01 11:00:00+00:00
  Gap: 10:00:00
[DEBUG] Connector: 0.0 km
  End: 52.5068N, 13.4064E @ 2026-05-02 01:00:00+00:00
  Start: 52.5068N, 13.4064E @ 2026-05-02 01:00:00+00:00
  Gap: 0:00:00
[DEBUG] Connector: 0.0 km
  End: 52.5068N, 13.4064E @ 2026-05-03 01:00:00+00:00
  Start: 52.5068N, 13.4064E @ 2026-05-03 01:00:00+00:00
  Gap: 0:00:00
[DEBUG] Connector: 0.2 km
  End: 52.5067N, 13.4065E @ 2026-05-03 21:00:00+00:00
  Start: 52.5067N, 13.4039E @ 2026-05-04 05:00:00+00:00
  Gap: 8:00:00
[DEBUG] Connector: 0.0 km
  End: 52.5068N, 13.4064E @ 2026-05-04 21:00:00+00:00
  Start: 52.5068N, 13.4064E @ 2026-05-05 05:00:00+00:00
  Gap: 8:00:00
[DEBUG] Connector: 0.0 km
  End: 52.5068N, 13.4064E @ 2026-05-05 21:00:00+00:00
  Start: 52.5068N, 13.4059E @ 2026-05-06 05:00:00+00:00
  Gap: 8:00:00
[DEBUG] Connector: 0.0 km
  End: 52.5068N, 13.4063E @ 2026-05-06 21:00:00+00:00
  Start: 52.5068N, 13.4059E @ 2026-05-07 05:00:00+00:00
  Gap: 8:00:00
[DEBUG] Connector: 0.0 km
  End: 52.5068N, 13.4064E @ 2026-05-07 21:00:00+00:00
  Start: 52.5068N, 13.4064E @ 2026-05-08 05:00:00+00:00
  Gap: 8:00:00
[DEBUG] Connector: 0.0 km
  End: 52.5068N, 13.4064E @ 2026-05-08 23:00:00+00:00
  Start: 52.5067N, 13.4063E @ 2026-05-09 07:00:00+00:00
  Gap: 8:00:00
[DEBUG] Connector: 0.0 km
  End: 52.5068N, 13.4064E @ 2026-05-10 01:00:00+00:00
  Start: 52.5068N, 13.4064E @ 2026-05-10 01:00:00+00:00
  Gap: 0:00:00
[DEBUG] Connector: 0.0 km
  End: 52.5068N, 13.4064E @ 2026-05-11 01:00:00+00:00
  Start: 52.5068N, 13.4064E @ 2026-05-11 01:00:00+00:00
  Gap: 0:00:00
[DEBUG] Connector: 0.0 km
  End: 52.5068N, 13.4064E @ 2026-05-11 21:00:00+00:00
  Start: 52.5068N, 13.4059E @ 2026-05-12 05:00:00+00:00
  Gap: 8:00:00
[DEBUG] Connector: 0.0 km
  End: 52.5068N, 13.4064E @ 2026-05-12 21:00:00+00:00
  Start: 52.5068N, 13.4063E @ 2026-05-13 05:00:00+00:00
  Gap: 8:00:00
[DEBUG] Connector: 0.0 km
  End: 52.5068N, 13.4064E @ 2026-05-14 01:00:00+00:00
  Start: 52.5068N, 13.4064E @ 2026-05-14 01:00:00+00:00
  Gap: 0:00:00
[DEBUG] Connector: 0.0 km
  End: 52.5068N, 13.4064E @ 2026-05-14 21:00:00+00:00
  Start: 52.5068N, 13.4064E @ 2026-05-15 05:00:00+00:00
  Gap: 8:00:00
[DEBUG] Connector: 0.0 km
  End: 54.0388N, 13.8181E @ 2026-05-16 01:00:00+00:00
  Start: 54.0388N, 13.8181E @ 2026-05-16 01:00:00+00:00
  Gap: 0:00:00
[DEBUG] Connector: 0.0 km
  End: 54.0388N, 13.8181E @ 2026-05-17 01:00:00+00:00
  Start: 54.0388N, 13.8181E @ 2026-05-17 09:00:00+00:00
  Gap: 8:00:00
[DEBUG] Connector: 0.0 km
  End: 52.5068N, 13.4064E @ 2026-05-17 21:00:00+00:00
  Start: 52.5068N, 13.4064E @ 2026-05-18 05:00:00+00:00
  Gap: 8:00:00
[DEBUG] Connector: 0.0 km
  End: 52.5068N, 13.4064E @ 2026-05-18 21:00:00+00:00
  Start: 52.5068N, 13.4064E @ 2026-05-19 05:00:00+00:00
  Gap: 8:00:00
[DEBUG] Connector: 0.0 km
  End: 52.5068N, 13.4064E @ 2026-05-19 21:00:00+00:00
  Start: 52.5068N, 13.4064E @ 2026-05-20 05:00:00+00:00
  Gap: 8:00:00
[DEBUG] Connector: 0.0 km
  End: 52.5068N, 13.4064E @ 2026-05-20 21:00:00+00:00
  Start: 52.5069N, 13.4060E @ 2026-05-21 05:00:00+00:00
  Gap: 8:00:00
[DEBUG] Connector: 0.0 km
  End: 52.5067N, 13.4064E @ 2026-05-21 21:00:00+00:00
  Start: 52.5070N, 13.4063E @ 2026-05-22 05:00:00+00:00
  Gap: 8:00:00
[DEBUG] Connector: 0.0 km
  End: 52.5068N, 13.4064E @ 2026-05-23 01:00:00+00:00
  Start: 52.5068N, 13.4064E @ 2026-05-23 01:00:00+00:00
  Gap: 0:00:00
[DEBUG] Connector: 0.0 km
  End: 52.5068N, 13.4064E @ 2026-05-24 01:00:00+00:00
  Start: 52.5068N, 13.4064E @ 2026-05-24 01:00:00+00:00
  Gap: 0:00:00
[DEBUG] Connector: 0.0 km
  End: 52.5068N, 13.4064E @ 2026-05-24 23:00:00+00:00
  Start: 52.5068N, 13.4061E @ 2026-05-25 09:00:00+00:00
  Gap: 10:00:00
[DEBUG] Connector: 0.0 km
  End: 52.5068N, 13.4064E @ 2026-05-25 21:00:00+00:00
  Start: 52.5068N, 13.4064E @ 2026-05-26 05:00:00+00:00
  Gap: 8:00:00
[DEBUG] Connector: 0.1 km
  End: 52.5060N, 13.4059E @ 2026-05-26 21:00:00+00:00
  Start: 52.5068N, 13.4059E @ 2026-05-27 05:00:00+00:00
  Gap: 8:00:00
[DEBUG] Connector: 0.2 km
  End: 52.5068N, 13.4064E @ 2026-05-27 21:00:00+00:00
  Start: 52.5067N, 13.4039E @ 2026-05-28 05:00:00+00:00
  Gap: 8:00:00
[DEBUG] Connector: 0.0 km
  End: 52.5068N, 13.4064E @ 2026-05-28 21:00:00+00:00
  Start: 52.5068N, 13.4062E @ 2026-05-29 05:00:00+00:00
  Gap: 8:00:00
[DEBUG] Connector: 0.0 km
  End: 52.5068N, 13.4064E @ 2026-05-30 01:00:00+00:00
  Start: 52.5068N, 13.4064E @ 2026-05-30 01:00:00+00:00
  Gap: 0:00:00
[DEBUG] Connector: 0.0 km
  End: 52.5068N, 13.4064E @ 2026-05-31 01:00:00+00:00
  Start: 52.5068N, 13.4064E @ 2026-05-31 01:00:00+00:00
  Gap: 0:00:00
[DEBUG] Connector: 0.0 km
  End: 52.5068N, 13.4064E @ 2026-05-31 21:00:00+00:00
  Start: 52.5068N, 13.4059E @ 2026-06-01 05:00:00+00:00
  Gap: 8:00:00
[DEBUG] Connector: 0.2 km
  End: 52.5068N, 13.4064E @ 2026-06-01 21:00:00+00:00
  Start: 52.5067N, 13.4039E @ 2026-06-02 05:00:00+00:00
  Gap: 8:00:00
[DEBUG] Connector: 0.0 km
  End: 52.5068N, 13.4062E @ 2026-06-02 23:00:00+00:00
  Start: 52.5069N, 13.4062E @ 2026-06-03 05:00:00+00:00
  Gap: 6:00:00
[DEBUG] Connector: 0.0 km
  End: 52.5068N, 13.4064E @ 2026-06-03 21:00:00+00:00
  Start: 52.5068N, 13.4064E @ 2026-06-04 05:00:00+00:00
  Gap: 8:00:00
[DEBUG] Connector: 0.0 km
  End: 52.5068N, 13.4063E @ 2026-06-04 21:00:00+00:00
  Start: 52.5067N, 13.4057E @ 2026-06-05 05:00:00+00:00
  Gap: 8:00:00
[DEBUG] Connector: 0.0 km
  End: 52.5068N, 13.4064E @ 2026-06-06 01:00:00+00:00
  Start: 52.5068N, 13.4064E @ 2026-06-06 01:00:00+00:00
  Gap: 0:00:00
[DEBUG] Connector: 0.0 km
  End: 52.5068N, 13.4064E @ 2026-06-07 01:00:00+00:00
  Start: 52.5068N, 13.4064E @ 2026-06-07 01:00:00+00:00
  Gap: 0:00:00
[DEBUG] Connector: 0.0 km
  End: 52.5068N, 13.4064E @ 2026-06-07 21:00:00+00:00
  Start: 52.5068N, 13.4061E @ 2026-06-08 05:00:00+00:00
  Gap: 8:00:00
[DEBUG] Connector: 0.0 km
  End: 52.5068N, 13.4064E @ 2026-06-08 21:00:00+00:00
  Start: 52.5071N, 13.4062E @ 2026-06-09 05:00:00+00:00
  Gap: 8:00:00
[DEBUG] Connector: 0.0 km
  End: 52.5068N, 13.4064E @ 2026-06-09 21:00:00+00:00
  Start: 52.5069N, 13.4063E @ 2026-06-10 05:00:00+00:00
  Gap: 8:00:00
[DEBUG] Connector: 0.0 km
  End: 52.5068N, 13.4064E @ 2026-06-10 21:00:00+00:00
  Start: 52.5068N, 13.4059E @ 2026-06-11 05:00:00+00:00
  Gap: 8:00:00
[DEBUG] Connector: 0.0 km
  End: 52.5068N, 13.4064E @ 2026-06-12 01:00:00+00:00
  Start: 52.5068N, 13.4063E @ 2026-06-12 01:00:00+00:00
  Gap: 0:00:00
[DEBUG] Connector: 0.0 km
  End: 52.5068N, 13.4064E @ 2026-06-12 23:00:00+00:00
  Start: 52.5069N, 13.4063E @ 2026-06-13 07:00:00+00:00
  Gap: 8:00:00
[DEBUG] Connector: 0.0 km
  End: 52.5068N, 13.4064E @ 2026-06-14 01:00:00+00:00
  Start: 52.5068N, 13.4064E @ 2026-06-14 01:00:00+00:00
  Gap: 0:00:00
[DEBUG] Connector: 0.0 km
  End: 52.5070N, 13.4064E @ 2026-06-14 21:00:00+00:00
  Start: 52.5068N, 13.4064E @ 2026-06-15 05:00:00+00:00
  Gap: 8:00:00
[DEBUG] Connector: 0.1 km
  End: 52.5063N, 13.4063E @ 2026-06-15 23:00:00+00:00
  Start: 52.5068N, 13.4064E @ 2026-06-16 05:00:00+00:00
  Gap: 6:00:00
[DEBUG] Connector: 0.0 km
  End: 52.5068N, 13.4064E @ 2026-06-16 23:00:00+00:00
  Start: 52.5068N, 13.4064E @ 2026-06-17 05:00:00+00:00
  Gap: 6:00:00
[DEBUG] Connector: 0.0 km
  End: 52.5068N, 13.4063E @ 2026-06-17 21:00:00+00:00
  Start: 52.5069N, 13.4061E @ 2026-06-18 07:00:00+00:00
  Gap: 10:00:00
[DEBUG] Connector: 0.0 km
  End: 52.5068N, 13.4064E @ 2026-06-18 21:00:00+00:00
  Start: 52.5069N, 13.4062E @ 2026-06-19 05:00:00+00:00
  Gap: 8:00:00
[DEBUG] Connector: 0.0 km
  End: 52.5068N, 13.4064E @ 2026-06-19 23:00:00+00:00
  Start: 52.5068N, 13.4064E @ 2026-06-20 07:00:00+00:00
  Gap: 8:00:00
[DEBUG] Connector: 0.0 km
  End: 54.0387N, 13.8181E @ 2026-06-21 01:00:00+00:00
  Start: 54.0387N, 13.8181E @ 2026-06-21 01:00:00+00:00
  Gap: 0:00:00
[DEBUG] Connector: 0.0 km
  End: 54.0388N, 13.8181E @ 2026-06-22 01:00:00+00:00
  Start: 54.0388N, 13.8181E @ 2026-06-22 01:00:00+00:00
  Gap: 0:00:00
[DEBUG] Connector: 0.0 km
  End: 54.0388N, 13.8181E @ 2026-06-23 01:00:00+00:00
  Start: 54.0388N, 13.8181E @ 2026-06-23 01:00:00+00:00
  Gap: 0:00:00
[DEBUG] Connector: 0.0 km
  End: 54.0388N, 13.8181E @ 2026-06-24 01:00:00+00:00
  Start: 54.0388N, 13.8181E @ 2026-06-24 01:00:00+00:00
  Gap: 0:00:00
[DEBUG] Connector: 0.0 km
  End: 54.0388N, 13.8181E @ 2026-06-25 01:00:00+00:00
  Start: 54.0388N, 13.8181E @ 2026-06-25 01:00:00+00:00
  Gap: 0:00:00
[DEBUG] Connector: 0.0 km
  End: 54.0388N, 13.8181E @ 2026-06-26 01:00:00+00:00
  Start: 54.0388N, 13.8181E @ 2026-06-26 01:00:00+00:00
  Gap: 0:00:00
[DEBUG] Connector: 0.0 km
  End: 52.5068N, 13.4064E @ 2026-06-26 23:00:00+00:00
  Start: 52.5068N, 13.4063E @ 2026-06-27 07:00:00+00:00
  Gap: 8:00:00
[DEBUG] Connector: 0.0 km
  End: 52.5068N, 13.4064E @ 2026-06-28 01:00:00+00:00
  Start: 52.5068N, 13.4064E @ 2026-06-28 01:00:00+00:00
  Gap: 0:00:00
[DEBUG] Connector: 0.0 km
  End: 52.5068N, 13.4064E @ 2026-06-29 01:00:00+00:00
  Start: 52.5068N, 13.4064E @ 2026-06-29 01:00:00+00:00
  Gap: 0:00:00
[DEBUG] Connector: 0.0 km
  End: 52.5068N, 13.4063E @ 2026-06-30 01:00:00+00:00
  Start: 52.5068N, 13.4061E @ 2026-06-30 07:00:00+00:00
  Gap: 6:00:00
[DEBUG] Connector: 0.0 km
  End: 54.0388N, 13.8181E @ 2026-07-01 01:00:00+00:00
  Start: 54.0388N, 13.8181E @ 2026-07-01 01:00:00+00:00
  Gap: 0:00:00
[DEBUG] Connector: 0.0 km
  End: 54.0388N, 13.8181E @ 2026-07-02 01:00:00+00:00
  Start: 54.0388N, 13.8181E @ 2026-07-02 01:00:00+00:00
  Gap: 0:00:00
[DEBUG] Connector: 0.0 km
  End: 54.0388N, 13.8180E @ 2026-07-03 01:00:00+00:00
  Start: 54.0388N, 13.8180E @ 2026-07-03 01:00:00+00:00
  Gap: 0:00:00
[DEBUG] Connector: 0.0 km
  End: 52.5068N, 13.4064E @ 2026-07-04 01:00:00+00:00
  Start: 52.5068N, 13.4064E @ 2026-07-04 01:00:00+00:00
  Gap: 0:00:00
[DEBUG] Connector: 0.0 km
  End: 52.5068N, 13.4064E @ 2026-07-05 01:00:00+00:00
  Start: 52.5068N, 13.4064E @ 2026-07-05 01:00:00+00:00
  Gap: 0:00:00
[DEBUG] Connector: 0.0 km
  End: 52.5068N, 13.4064E @ 2026-07-06 01:00:00+00:00
  Start: 52.5068N, 13.4064E @ 2026-07-06 01:00:00+00:00
  Gap: 0:00:00
[DEBUG] Connector: 0.0 km
  End: 52.5068N, 13.4064E @ 2026-07-07 01:00:00+00:00
  Start: 52.5068N, 13.4064E @ 2026-07-07 01:00:00+00:00
  Gap: 0:00:00
[DEBUG] Connector: 0.0 km
  End: 52.5068N, 13.4064E @ 2026-07-08 01:00:00+00:00
  Start: 52.5068N, 13.4063E @ 2026-07-08 01:00:00+00:00
  Gap: 0:00:00
[DEBUG] Connector: 0.0 km
  End: 52.5068N, 13.4064E @ 2026-07-09 01:00:00+00:00
  Start: 52.5068N, 13.4064E @ 2026-07-09 01:00:00+00:00
  Gap: 0:00:00
[DEBUG] Connector: 0.0 km
  End: 52.5068N, 13.4064E @ 2026-07-10 01:00:00+00:00
  Start: 52.5069N, 13.4062E @ 2026-07-10 09:00:00+00:00
  Gap: 8:00:00
[DEBUG] Connector: 0.0 km
  End: 52.5068N, 13.4064E @ 2026-07-11 01:00:00+00:00
  Start: 52.5068N, 13.4064E @ 2026-07-11 01:00:00+00:00
  Gap: 0:00:00
[DEBUG] Connector: 0.0 km
  End: 52.5068N, 13.4064E @ 2026-07-12 01:00:00+00:00
  Start: 52.5068N, 13.4062E @ 2026-07-12 09:00:00+00:00
  Gap: 8:00:00
[DEBUG] Connector: 0.0 km
  End: 54.0388N, 13.8181E @ 2026-07-13 01:00:00+00:00
  Start: 54.0388N, 13.8181E @ 2026-07-13 01:00:00+00:00
  Gap: 0:00:00
[DEBUG] Connector: 0.0 km
  End: 54.0388N, 13.8181E @ 2026-07-14 01:00:00+00:00
  Start: 54.0388N, 13.8181E @ 2026-07-14 01:00:00+00:00
  Gap: 0:00:00
[DEBUG] Connector: 0.0 km
  End: 54.0388N, 13.8181E @ 2026-07-15 01:00:00+00:00
  Start: 54.0388N, 13.8181E @ 2026-07-15 01:00:00+00:00
  Gap: 0:00:00

✓ 2026-01-01_to_2026-07-15: 346.58s (6839 points)

Generated 1/1 map images in output
Total time: 482.78s

Cache Information:
  Location: /home/dave/.cache/timeline-2-images
  Status: no_cache
  Size: 0.0MB
